<?xml version="1.0" encoding="UTF-8"?>
<!-- Generated by org.testng.reporters.JUnitXMLReporter -->
<testsuite ignored="0" hostname="DESKTOP-1A0F8GK" failures="2" tests="2" name="Test" time="9.732" errors="0" timestamp="2024-05-31T00:42:56 IST">
  <testcase classname="TestPackage.BaseTest" name="searchChrome" time="4.863">
    <failure type="java.lang.AssertionError" message="expected [Googl] but found [Google]">
      <![CDATA[java.lang.AssertionError: expected [Googl] but found [Google]
at TestPackage.BaseTest.searchChrome(BaseTest.java:30)
at java.base/java.util.ArrayList.forEach(ArrayList.java:1511)
... Removed 33 stack frames]]>
    </failure>
  </testcase> <!-- searchChrome -->
  <testcase classname="TestPackage.MyntraSite" name="searchmyntra" time="4.021">
    <failure type="java.lang.AssertionError" message="expected [Online Shopping for Women, Men, Kids Fashion &amp;amp; Lifestyle - Myntr] but found [Online Shopping for Women, Men, Kids Fashion &amp;amp; Lifestyle - Myntra]">
      <![CDATA[java.lang.AssertionError: expected [Online Shopping for Women, Men, Kids Fashion & Lifestyle - Myntr] but found [Online Shopping for Women, Men, Kids Fashion & Lifestyle - Myntra]
at TestPackage.MyntraSite.searchmyntra(MyntraSite.java:28)
at java.base/java.util.ArrayList.forEach(ArrayList.java:1511)
... Removed 33 stack frames]]>
    </failure>
  </testcase> <!-- searchmyntra -->
</testsuite> <!-- Test -->
